<?xml version="1.0" encoding="UTF-8"?>
<testsuite xmlns:xsi="http://www.w3.org/2001/XMLSchema-instance" xsi:noNamespaceSchemaLocation="https://maven.apache.org/surefire/maven-surefire-plugin/xsd/surefire-test-report.xsd" name="com.javarush.jira.login.internal.web.AdminUserControllerTest" time="2.14" tests="19" errors="0" skipped="0" failures="0">
  <properties>
[...]
</properties>
  <testcase name="getUnauthorized" classname="com.javarush.jira.login.internal.web.AdminUserControllerTest" time="0.081"/>
  <testcase name="updateDuplicate" classname="com.javarush.jira.login.internal.web.AdminUserControllerTest" time="0.206"/>
  <testcase name="changePasswordInvalid" classname="com.javarush.jira.login.internal.web.AdminUserControllerTest" time="0.082"/>
  <testcase name="createDuplicateEmail" classname="com.javarush.jira.login.internal.web.AdminUserControllerTest" time="0.124"/>
  <testcase name="delete" classname="com.javarush.jira.login.internal.web.AdminUserControllerTest" time="0.117"/>
  <testcase name="enable" classname="com.javarush.jira.login.internal.web.AdminUserControllerTest" time="0.122"/>
  <testcase name="getAll" classname="com.javarush.jira.login.internal.web.AdminUserControllerTest" time="0.127"/>
  <testcase name="update" classname="com.javarush.jira.login.internal.web.AdminUserControllerTest" time="0.086"/>
  <testcase name="getNotFound" classname="com.javarush.jira.login.internal.web.AdminUserControllerTest" time="0.071"/>
  <testcase name="deleteNotFound" classname="com.javarush.jira.login.internal.web.AdminUserControllerTest" time="0.094"/>
  <testcase name="createInvalid" classname="com.javarush.jira.login.internal.web.AdminUserControllerTest" time="0.065"/>
  <testcase name="get" classname="com.javarush.jira.login.internal.web.AdminUserControllerTest" time="0.076"/>
  <testcase name="updateInvalid" classname="com.javarush.jira.login.internal.web.AdminUserControllerTest" time="0.076"/>
  <testcase name="changePassword" classname="com.javarush.jira.login.internal.web.AdminUserControllerTest" time="0.288"/>
  <testcase name="updateHtmlUnsafe" classname="com.javarush.jira.login.internal.web.AdminUserControllerTest" time="0.063"/>
  <testcase name="getByEmail" classname="com.javarush.jira.login.internal.web.AdminUserControllerTest" time="0.062"/>
  <testcase name="getForbidden" classname="com.javarush.jira.login.internal.web.AdminUserControllerTest" time="0.073"/>
  <testcase name="enableNotFound" classname="com.javarush.jira.login.internal.web.AdminUserControllerTest" time="0.058"/>
  <testcase name="createWithLocation" classname="com.javarush.jira.login.internal.web.AdminUserControllerTest" time="0.212"/>
</testsuite>